Warning:: Loading a non-english file into another non-english session
Data integrity is not guaranteed
Warning:: Loading a non-english file into another non-english session
Data integrity is not guaranteed
Warning:: Loading a non-english file into another non-english session
Data integrity is not guaranteed
Warning:: Loading a non-english file into another non-english session
Data integrity is not guaranteed
Warning:: Loading a non-english file into another non-english session
Data integrity is not guaranteed
TIMER TRACE: FullRegen START: 0.00000
TIMER TRACE: FullRegen  STOP: 0.07800
Warning:: A non-english file is saved under a non-english session
Data integrity is not guaranteed
Warning:: A non-english file is saved under a non-english session
Data integrity is not guaranteed
TIMER TRACE: FullRegen START: 0.00000
TIMER TRACE: FullRegen  STOP: 0.07800
Warning:: A non-english file is saved under a non-english session
Data integrity is not guaranteed
Warning:: A non-english file is saved under a non-english session
Data integrity is not guaranteed
Warning:: A non-english file is saved under a non-english session
Data integrity is not guaranteed
Texture name = studio-floor.jpg format = 3
Texture width = 1000 height = 1000
Texture name = studio-wall1.jpg format = 3
Texture width = 1000 height = 1000
Texture name = studio-wall2.jpg format = 3
Texture width = 1000 height = 1000
Texture name = studio-wall3.jpg format = 3
Texture width = 1000 height = 1000
Texture name = studio-wall4.jpg format = 3
Texture width = 1000 height = 1030
Texture name = studio-ceiling.jpg format = 3
Texture width = 1000 height = 1000
Texture name = studio-floor.jpg format = 3
Texture width = 1000 height = 1000
Texture name = studio-wall1.jpg format = 3
Texture width = 1000 height = 1000
Texture name = studio-wall2.jpg format = 3
Texture width = 1000 height = 1000
Texture name = studio-wall3.jpg format = 3
Texture width = 1000 height = 1000
Texture name = studio-wall4.jpg format = 3
Texture width = 1000 height = 1030
Texture name = studio-ceiling.jpg format = 3
Texture width = 1000 height = 1000
Texture name = studio-floor.jpg format = 3
Texture width = 1000 height = 1000
Texture name = studio-wall1.jpg format = 3
Texture width = 1000 height = 1000
Texture name = studio-wall2.jpg format = 3
Texture width = 1000 height = 1000
Texture name = studio-wall3.jpg format = 3
Texture width = 1000 height = 1000
Texture name = studio-wall4.jpg format = 3
Texture width = 1000 height = 1030
Texture name = studio-ceiling.jpg format = 3
Texture width = 1000 height = 1000
Texture name = studio-floor.jpg format = 3
Texture width = 1000 height = 1000
Texture name = studio-wall1.jpg format = 3
Texture width = 1000 height = 1000
Texture name = studio-wall2.jpg format = 3
Texture width = 1000 height = 1000
Texture name = studio-wall3.jpg format = 3
Texture width = 1000 height = 1000
Texture name = studio-wall4.jpg format = 3
Texture width = 1000 height = 1030
Texture name = studio-ceiling.jpg format = 3
Texture width = 1000 height = 1000
Texture name = studio-floor.jpg format = 3
Texture width = 1000 height = 1000
Texture name = studio-wall1.jpg format = 3
Texture width = 1000 height = 1000
Texture name = studio-wall2.jpg format = 3
Texture width = 1000 height = 1000
Texture name = studio-wall3.jpg format = 3
Texture width = 1000 height = 1000
Texture name = studio-wall4.jpg format = 3
Texture width = 1000 height = 1030
Texture name = studio-ceiling.jpg format = 3
Texture width = 1000 height = 1000
Texture name = studio-floor.jpg format = 3
Texture width = 1000 height = 1000
Texture name = studio-wall1.jpg format = 3
Texture width = 1000 height = 1000
Texture name = studio-wall2.jpg format = 3
Texture width = 1000 height = 1000
Texture name = studio-wall3.jpg format = 3
Texture width = 1000 height = 1000
Texture name = studio-wall4.jpg format = 3
Texture width = 1000 height = 1030
Texture name = studio-ceiling.jpg format = 3
Texture width = 1000 height = 1000
Texture name = studio-floor.jpg format = 3
Texture width = 1000 height = 1000
Texture name = studio-wall1.jpg format = 3
Texture width = 1000 height = 1000
Texture name = studio-wall2.jpg format = 3
Texture width = 1000 height = 1000
Texture name = studio-wall3.jpg format = 3
Texture width = 1000 height = 1000
Texture name = studio-wall4.jpg format = 3
Texture width = 1000 height = 1030
Texture name = studio-ceiling.jpg format = 3
Texture width = 1000 height = 1000
Warning:: A non-english file is saved under a non-english session
Data integrity is not guaranteed
Warning:: Loading a non-english file into another non-english session
Data integrity is not guaranteed
Warning:: A non-english file is saved under a non-english session
Data integrity is not guaranteed
Warning:: A non-english file is saved under a non-english session
Data integrity is not guaranteed
Warning:: Loading a non-english file into another non-english session
Data integrity is not guaranteed
Warning:: A non-english file is saved under a non-english session
Data integrity is not guaranteed
Warning:: A non-english file is saved under a non-english session
Data integrity is not guaranteed
Warning:: Loading a non-english file into another non-english session
Data integrity is not guaranteed
Warning:: A non-english file is saved under a non-english session
Data integrity is not guaranteed
Texture name = studio-floor.jpg format = 3
Texture width = 1000 height = 1000
Texture name = studio-wall1.jpg format = 3
Texture width = 1000 height = 1000
Texture name = studio-wall2.jpg format = 3
Texture width = 1000 height = 1000
Texture name = studio-wall3.jpg format = 3
Texture width = 1000 height = 1000
Texture name = studio-wall4.jpg format = 3
Texture width = 1000 height = 1030
Texture name = studio-ceiling.jpg format = 3
Texture width = 1000 height = 1000
Texture name = studio-floor.jpg format = 3
Texture width = 1000 height = 1000
Texture name = studio-wall1.jpg format = 3
Texture width = 1000 height = 1000
Texture name = studio-wall2.jpg format = 3
Texture width = 1000 height = 1000
Texture name = studio-wall3.jpg format = 3
Texture width = 1000 height = 1000
Texture name = studio-wall4.jpg format = 3
Texture width = 1000 height = 1030
Texture name = studio-ceiling.jpg format = 3
Texture width = 1000 height = 1000
